<?xml version="1.0" encoding="UTF-8"?>
<Site BuildName="(empty)"
	BuildStamp="20231214-1837-Experimental"
	Name="(empty)"
	Generator="ctest-3.28.0"
	CompilerName=""
	CompilerVersion=""
	OSName="Linux"
	Hostname="admin-node"
	OSRelease="6.5.0-0.deb12.4-amd64"
	OSVersion="#1 SMP PREEMPT_DYNAMIC Debian 6.5.10-1~bpo12+1 (2023-11-23)"
	OSPlatform="x86_64"
	Is64Bits="1"
	VendorString="GenuineIntel"
	VendorID="Intel Corporation"
	FamilyID="6"
	ModelID="154"
	ProcessorCacheSize="24576"
	NumberOfLogicalCPU="16"
	NumberOfPhysicalCPU="10"
	TotalVirtualMemory="976"
	TotalPhysicalMemory="31835"
	LogicalProcessorsPerPhysical="1"
	ProcessorClockFrequency="3770.61"
	>
	<Testing>
		<StartDateTime>Dec 14 18:37 GMT</StartDateTime>
		<StartTestTime>1702579039</StartTestTime>
		<TestList/>
		<EndDateTime>Dec 14 18:37 GMT</EndDateTime>
		<EndTestTime>1702579039</EndTestTime>
		<ElapsedMinutes>0</ElapsedMinutes>
	</Testing>
</Site>
