<?xml version="1.0" encoding="UTF-8"?>
<Site BuildName="(empty)"
	BuildStamp="20231210-1427-Experimental"
	Name="(empty)"
	Generator="ctest-3.28.0"
	CompilerName=""
	CompilerVersion=""
	OSName="Linux"
	Hostname="admin-node"
	OSRelease="6.5.0-0.deb12.1-amd64"
	OSVersion="#1 SMP PREEMPT_DYNAMIC Debian 6.5.3-1~bpo12+1 (2023-10-08)"
	OSPlatform="x86_64"
	Is64Bits="1"
	VendorString="GenuineIntel"
	VendorID="Intel Corporation"
	FamilyID="6"
	ModelID="154"
	ProcessorCacheSize="24576"
	NumberOfLogicalCPU="16"
	NumberOfPhysicalCPU="10"
	TotalVirtualMemory="976"
	TotalPhysicalMemory="31835"
	LogicalProcessorsPerPhysical="1"
	ProcessorClockFrequency="4074.23"
	>
	<Testing>
		<StartDateTime>Dec 10 14:27 GMT</StartDateTime>
		<StartTestTime>1702218442</StartTestTime>
		<TestList/>
		<EndDateTime>Dec 10 14:27 GMT</EndDateTime>
		<EndTestTime>1702218442</EndTestTime>
		<ElapsedMinutes>0</ElapsedMinutes>
	</Testing>
</Site>
